<?xml version="1.0" encoding="UTF-8"?>
<!-- Generated by org.testng.reporters.JUnitReportReporter -->
<testsuite hostname="DESKTOP-8RJ2I6K" name="com.fashion_dx.qa.uitests.LoginTest" tests="4" failures="0" timestamp="12 Mar 2020 11:11:37 GMT" time="86.158" errors="0">
  <testcase name="verifyAllElementsUnderThreeDotMenu" time="18.529" classname="com.fashion_dx.qa.uitests.LoginTest"/>
  <testcase name="addNewShopperAndProfile" time="27.251" classname="com.fashion_dx.qa.uitests.LoginTest"/>
  <testcase name="loginToFashionDxTest" time="18.314" classname="com.fashion_dx.qa.uitests.LoginTest"/>
  <testcase name="verifyAddShoppers" time="22.064" classname="com.fashion_dx.qa.uitests.LoginTest"/>
</testsuite> <!-- com.fashion_dx.qa.uitests.LoginTest -->
