<?xml version="1.0" encoding="UTF-8"?>
<!-- Generated by org.testng.reporters.JUnitReportReporter -->
<testsuite skipped="0" hostname="apple1.local" name="com.akkadu.qa.uitests.SmokeTest" tests="6" failures="0" timestamp="19 Jun 2020 09:14:33 GMT" time="364.060" errors="0">
  <testcase name="loginToAkkaduAppTest" time="33.577" classname="com.akkadu.qa.uitests.SmokeTest"/>
  <testcase name="verifyToManageSpeakersOnEvent" time="65.330" classname="com.akkadu.qa.uitests.SmokeTest"/>
  <testcase name="verifyToCreateEventTest" time="45.048" classname="com.akkadu.qa.uitests.SmokeTest"/>
  <testcase name="verifyToEditEventTest" time="85.783" classname="com.akkadu.qa.uitests.SmokeTest"/>
  <testcase name="VerifyToStreamOnBroadcast" time="109.361" classname="com.akkadu.qa.uitests.SmokeTest"/>
  <testcase name="signUpToAkkaduAppTest" time="24.961" classname="com.akkadu.qa.uitests.SmokeTest"/>
</testsuite> <!-- com.akkadu.qa.uitests.SmokeTest -->
